<?xml version="1.0" encoding="UTF-8"?>
<!-- Generated by org.testng.reporters.JUnitReportReporter -->
<testsuite hostname="LAPTOP-7UOI14JD" failures="0" tests="3" name="pack1.PopItemstest" time="67.374" errors="0" timestamp="2022-10-18T20:09:03 IST" skipped="0">
  <testcase classname="pack1.PopItemstest" name="laptopTest" time="22.014"/>
  <system-out/>
  <testcase classname="pack1.PopItemstest" name="tabletest" time="24.242"/>
  <system-out/>
  <testcase classname="pack1.PopItemstest" name="spktest" time="21.118"/>
  <system-out/>
</testsuite> <!-- pack1.PopItemstest -->
